\BOOKMARK [1][-]{section.1}{CRISPR-Cas Systems}{}% 1
\BOOKMARK [2][-]{subsection.1.1}{What Are They?}{section.1}% 2
\BOOKMARK [2][-]{subsection.1.2}{Diversity, Ubiquity And Detection}{section.1}% 3
\BOOKMARK [2][-]{subsection.1.3}{Applications In Biotechnology}{section.1}% 4
\BOOKMARK [1][-]{section.2}{Horizontal Gene Transfer}{}% 5
\BOOKMARK [2][-]{subsection.2.1}{Mechanisms}{section.2}% 6
\BOOKMARK [2][-]{subsection.2.2}{Rate Influencing Factors}{section.2}% 7
\BOOKMARK [2][-]{subsection.2.3}{Pan-genomes}{section.2}% 8
\BOOKMARK [2][-]{subsection.2.4}{Applications}{section.2}% 9
\BOOKMARK [1][-]{section.3}{Network Theory}{}% 10
\BOOKMARK [1][-]{section.4}{Do CRISPR Systems Affect Horizontal Gene Transfer?}{}% 11
\BOOKMARK [2][-]{subsection.4.1}{Interference Mechanisms}{section.4}% 12
\BOOKMARK [2][-]{subsection.4.2}{Complexities And Costs Of CRISPR-Cas Systems}{section.4}% 13
\BOOKMARK [2][-]{subsection.4.3}{Potential Strategies For Reducing CRISPR-HGT Trade-off Costs}{section.4}% 14
\BOOKMARK [1][-]{section.5}{Hypothesis \046 Objectives}{}% 15
\BOOKMARK [2][-]{subsection.5.1}{Hypothesis}{section.5}% 16
\BOOKMARK [2][-]{subsection.5.2}{Objectives}{section.5}% 17
\BOOKMARK [1][-]{section.6}{Methods}{}% 18
\BOOKMARK [2][-]{subsection.6.1}{Summary}{section.6}% 19
\BOOKMARK [2][-]{subsection.6.2}{Data Collection}{section.6}% 20
\BOOKMARK [2][-]{subsection.6.3}{Gene Presence/Absence Matrix}{section.6}% 21
\BOOKMARK [2][-]{subsection.6.4}{Makophylo Rate Estimations}{section.6}% 22
\BOOKMARK [2][-]{subsection.6.5}{Network Construction}{section.6}% 23
\BOOKMARK [2][-]{subsection.6.6}{Network Statistics}{section.6}% 24
\BOOKMARK [1][-]{section.7}{Results}{}% 25
\BOOKMARK [1][-]{section.8}{Discussion}{}% 26
\BOOKMARK [2][-]{subsection.8.1}{Gene Indel Rates are Different for CRISPR and Non-CRISPR OTUs}{section.8}% 27
\BOOKMARK [2][-]{subsection.8.2}{Phylogenomic Networks Have Low Assortativity}{section.8}% 28
\BOOKMARK [2][-]{subsection.8.3}{HGT Dynamics Vary Across Bacterial Genera}{section.8}% 29
\BOOKMARK [2][-]{subsection.8.4}{Limitations}{section.8}% 30
\BOOKMARK [1][-]{section.9}{Significance \046 Future Work}{}% 31
\BOOKMARK [2][-]{subsection.9.1}{Significance}{section.9}% 32
\BOOKMARK [2][-]{subsection.9.2}{Future Work}{section.9}% 33
